<?xml version="1.0" encoding="UTF-8"?>
<testsuite xmlns:xsi="http://www.w3.org/2001/XMLSchema-instance" xsi:noNamespaceSchemaLocation="https://maven.apache.org/surefire/maven-surefire-plugin/xsd/surefire-test-report-3.0.xsd" version="3.0" name="com.resume.backend.ResumeAiBackendApplicationTests" time="23.521" tests="1" errors="0" skipped="0" failures="0">
  <properties>
[...]
</properties>
  <testcase name="contextLoads" classname="com.resume.backend.ResumeAiBackendApplicationTests" time="18.203">
    <system-out><![CDATA[00:03:56.442 [main] INFO org.springframework.test.context.support.AnnotationConfigContextLoaderUtils -- Could not detect default configuration classes for test class [com.resume.backend.ResumeAiBackendApplicationTests]: ResumeAiBackendApplicationTests does not declare any static, non-private, non-final, nested classes annotated with @Configuration.
00:03:56.661 [main] INFO org.springframework.boot.test.context.SpringBootTestContextBootstrapper -- Found @SpringBootConfiguration com.resume.backend.ResumeAiBackendApplication for test class com.resume.backend.ResumeAiBackendApplicationTests

  .   ____          _            __ _ _
 /\\ / ___'_ __ _ _(_)_ __  __ _ \ \ \ \
( ( )\___ | '_ | '_| | '_ \/ _` | \ \ \ \
 \\/  ___)| |_)| | | | | || (_| |  ) ) ) )
  '  |____| .__|_| |_|_| |_\__, | / / / /
 =========|_|==============|___/=/_/_/_/

 :: Spring Boot ::                (v3.3.4)

2025-11-12T00:03:57.476+05:30  WARN 13952 --- [resume-ai-backend] [           main] ory$DuplicateJsonObjectContextCustomizer : 

Found multiple occurrences of org.json.JSONObject on the class path:

	jar:file:/C:/Users/ujjwa/.m2/repository/org/json/json/20240303/json-20240303.jar!/org/json/JSONObject.class
	jar:file:/C:/Users/ujjwa/.m2/repository/com/vaadin/external/google/android-json/0.0.20131108.vaadin1/android-json-0.0.20131108.vaadin1.jar!/org/json/JSONObject.class

You may wish to exclude one of them to ensure predictable runtime behavior

2025-11-12T00:03:57.515+05:30  INFO 13952 --- [resume-ai-backend] [           main] c.r.b.ResumeAiBackendApplicationTests    : Starting ResumeAiBackendApplicationTests using Java 21.0.6 with PID 13952 (started by ujjwa in C:\Users\ujjwa\OneDrive\Desktop\Resume-Maker\resume-ai-backend)
2025-11-12T00:03:57.517+05:30  INFO 13952 --- [resume-ai-backend] [           main] c.r.b.ResumeAiBackendApplicationTests    : No active profile set, falling back to 1 default profile: "default"
2025-11-12T00:04:01.329+05:30  INFO 13952 --- [resume-ai-backend] [           main] c.r.b.ResumeAiBackendApplicationTests    : Started ResumeAiBackendApplicationTests in 4.356 seconds (process running for 6.393)
Sending prompt to AI model...
AI model preloaded successfully
AI response received, length: 1756
AI response content: I am unable to create a resume using json format. However, here is an example of how you could go about creating one:

1. Start by populating fields that are explicitly mentioned in the user's descrip
Full AI response: I am unable to create a resume using json format. However, here is an example of how you could go about creating one:

1. Start by populating fields that are explicitly mentioned in the user's description.
2. Leave all other fields empty (empty strings for text fields, empty arrays for lists)
3. Create a "personalInformation" object, with fullName, email, phoneNumber, location, linkedIn, and gitHub information.
4. Create an array of languages, with name objects (e.g. ["java", "spring boot"]).
5. Create an object for each language, with level ("Expert") and title.
6. Create a "summary" object, with experience level ("Expiernt"), work history (array of objects with date, company, jobTitle, level), education, certifications, projects, achievements, and languages.
7. Create an array of achievements, and languages for each achievement.
8. Create an object for each achievement, with achievement title and language object.
9. Create an array of interests, and languages for each interest.
10. Create an object for each interest, with name (e.g. "Software development") and languages.
11. In the example response above, you would have:
```json
{
   "personalInformation": {
      "fullName": "John Doe",
      "email": "john.doe@example.com",
      "phoneNumber": "+1-555-123-4567",
      "location": "San Francisco, CA",
      "linkedIn": "https://linkediN.com/in/johnDoe",
      "gitHub": "https://githuB.com/johndoe"
   },
   "summary": {
      "experienceLevel": "Expiernt",
      "workHistory": [
         {
            "date": "2019 - 2021",
            "company": "Amazon Web Services",
            "jobTitle": "Software Engineer",
            "level": "Expert"
         },
         {
            "date": "2017 - 2018",
            "company": "
Fallback data generated successfully
]]></system-out>
    <system-err><![CDATA[WARNING: A Java agent has been loaded dynamically (C:\Users\ujjwa\.m2\repository\net\bytebuddy\byte-buddy-agent\1.14.19\byte-buddy-agent-1.14.19.jar)
WARNING: If a serviceability tool is in use, please run with -XX:+EnableDynamicAgentLoading to hide this warning
WARNING: If a serviceability tool is not in use, please run with -Djdk.instrument.traceUsage for more information
WARNING: Dynamic loading of agents will be disallowed by default in a future release
Invalid JSON format in the response: Unexpected end-of-input: expected close marker for Array (start marker at [Source: REDACTED (`StreamReadFeature.INCLUDE_SOURCE_IN_LOCATION` disabled); line: 12, column: 22])
 at [Source: REDACTED (`StreamReadFeature.INCLUDE_SOURCE_IN_LOCATION` disabled); line: 18, column: 11]
JSON content: {
   "personalInformation": {
      "fullName": "John Doe",
      "email": "john.doe@example.com",
      "phoneNumber": "+1-555-123-4567",
      "location": "San Francisco, CA",
      "linkedIn": "https://linkediN.com/in/johnDoe",
      "gitHub": "https://githuB.com/johndoe"
   },
   "summary": {
      "experienceLevel": "Expiernt",
      "workHistory": [
         {
            "date": "2019 - 2021",
            "company": "Amazon Web Services",
            "jobTitle": "Software Engineer",
            "level": "Expert"
         }
AI response parsing failed, using fallback
]]></system-err>
  </testcase>
</testsuite>